<?xml version="1.0" encoding="UTF-8"?>
<testsuite xmlns:xsi="http://www.w3.org/2001/XMLSchema-instance" xsi:noNamespaceSchemaLocation="https://maven.apache.org/surefire/maven-surefire-plugin/xsd/surefire-test-report-3.0.xsd" version="3.0" name="com.internetHerokuapp.tests.DropDownListsTests" time="6.605" tests="1" errors="0" skipped="0" failures="0">
  <properties>
[...]
</properties>
  <testcase name="DropdownListTests" classname="com.internetHerokuapp.tests.DropDownListsTests" time="6.573">
    <system-out><![CDATA[15:53:53.669 [main] INFO  c.i.pages.dropdown.DropdownPage - Selected option:Option 1
15:53:53.792 [main] INFO  c.i.pages.dropdown.DropdownPage - Verified selected option: Option 1
15:53:53.976 [main] INFO  c.i.pages.dropdown.DropdownPage - Selected option:Option 2
15:53:54.081 [main] INFO  c.i.pages.dropdown.DropdownPage - Verified selected option: Option 2
]]></system-out>
    <system-err><![CDATA[окт. 27, 2025 3:53:49 PM org.openqa.selenium.devtools.CdpVersionFinder findNearestMatch
WARNING: Unable to find an exact match for CDP version 141, returning the closest version; found: 140; Please update to a Selenium version that supports CDP version 141
]]></system-err>
  </testcase>
</testsuite>